Build started 29.10.2014 14:12:30.
     1>Project "C:\Users\v.kutsovol\Documents\Visual Studio 2012\Projects\Pool\Pool\Pool.vcxproj" on node 2 (Build target(s)).
     1>ClCompile:
         D:\Programs\Visual Studio 2012\VC\bin\CL.exe /c /ZI /nologo /W3 /WX- /sdl /Od /Oy- /D WIN32 /D _DEBUG /D _CONSOLE /D _UNICODE /D UNICODE /Gm /EHsc /RTC1 /MDd /GS /fp:precise /Zc:wchar_t /Zc:forScope /Fo"Debug\\" /Fd"Debug\vc110.pdb" /Gd /TP /analyze- /errorReport:prompt ConsoleController.cpp Controller.cpp Main.cpp OpenGLController.cpp
         OpenGLController.cpp
         Main.cpp
         Controller.cpp
         ConsoleController.cpp
     1>c:\users\v.kutsovol\documents\visual studio 2012\projects\pool\pool\consolecontroller.cpp(12): warning C4101: 'KeyWhere' : unreferenced local variable
     1>c:\users\v.kutsovol\documents\visual studio 2012\projects\pool\pool\consolecontroller.cpp(13): warning C4101: 'EndWhere' : unreferenced local variable
         Generating Code...
       Link:
         D:\Programs\Visual Studio 2012\VC\bin\link.exe /ERRORREPORT:PROMPT /OUT:"C:\Users\v.kutsovol\Documents\Visual Studio 2012\Projects\Pool\Debug\Pool.exe" /INCREMENTAL /NOLOGO kernel32.lib user32.lib gdi32.lib winspool.lib comdlg32.lib advapi32.lib shell32.lib ole32.lib oleaut32.lib uuid.lib odbc32.lib odbccp32.lib /MANIFEST /MANIFESTUAC:"level='asInvoker' uiAccess='false'" /manifest:embed /DEBUG /PDB:"C:\Users\v.kutsovol\Documents\Visual Studio 2012\Projects\Pool\Debug\Pool.pdb" /SUBSYSTEM:CONSOLE /TLBID:1 /DYNAMICBASE /NXCOMPAT /IMPLIB:"C:\Users\v.kutsovol\Documents\Visual Studio 2012\Projects\Pool\Debug\Pool.lib" /MACHINE:X86 Debug\BallModel.obj
         Debug\ConsoleController.obj
         Debug\ConsoleView.obj
         Debug\Controller.obj
         Debug\Main.obj
         Debug\Model.obj
         Debug\OpenGLController.obj
         Debug\View.obj
         LINK : C:\Users\v.kutsovol\Documents\Visual Studio 2012\Projects\Pool\Debug\Pool.exe not found or not built by the last incremental link; performing full link
         Pool.vcxproj -> C:\Users\v.kutsovol\Documents\Visual Studio 2012\Projects\Pool\Debug\Pool.exe
     1>Done Building Project "C:\Users\v.kutsovol\Documents\Visual Studio 2012\Projects\Pool\Pool\Pool.vcxproj" (Build target(s)).

Build succeeded.

Time Elapsed 00:00:06.88
